<?xml version="1.0" encoding="UTF-8"?>
<!-- Generated by org.testng.reporters.JUnitXMLReporter -->
<testsuite ignored="0" hostname="DESKTOP-N1IM0QJ" failures="0" tests="3" name="Test" time="0.116" errors="0" timestamp="2022-07-20T01:58:56 GMT-07:00">
  <testcase classname="test.PractiseParameters" name="Divide" time="0.014"/>
  <testcase classname="test.PractiseParameters" name="Multiply" time="0.003"/>
  <testcase classname="test.PractiseParameters" name="Sum" time="0.002"/>
</testsuite> <!-- Test -->
